0 info it worked if it ends with ok
1 verbose cli [ '/usr/bin/node', '/usr/bin/npm', 'run', 'test' ]
2 info using npm@3.5.2
3 info using node@v8.10.0
4 verbose run-script [ 'pretest', 'test', 'posttest' ]
5 info lifecycle notes-app@1.0.0~pretest: notes-app@1.0.0
6 silly lifecycle notes-app@1.0.0~pretest: no script for pretest, continuing
7 info lifecycle notes-app@1.0.0~test: notes-app@1.0.0
8 verbose lifecycle notes-app@1.0.0~test: unsafe-perm in lifecycle true
9 verbose lifecycle notes-app@1.0.0~test: PATH: /usr/share/npm/bin/node-gyp-bin:/mnt/c/My work/Node Course/Exploring Node/notes-app/node_modules/.bin:/usr/local/sbin:/usr/local/bin:/usr/sbin:/usr/bin:/sbin:/bin:/usr/games:/usr/local/games:/mnt/c/Users/Hamza/bin:/mnt/c/Program Files/Git/mingw64/bin:/mnt/c/Program Files/Git/usr/local/bin:/mnt/c/Program Files/Git/usr/bin:/mnt/c/Program Files/Git/usr/bin:/mnt/c/Program Files/Git/mingw64/bin:/mnt/c/Program Files/Git/usr/bin:/mnt/c/Users/Hamza/bin:/mnt/c/Windows/system32:/mnt/c/Windows:/mnt/c/Windows/System32/Wbem:/mnt/c/Windows/System32/WindowsPowerShell/v1.0:/mnt/c/Windows/System32/OpenSSH:/mnt/c/Program Files (x86)/Brackets/command:/mnt/c/Program Files/nodejs:/mnt/c/Program Files/Git/cmd:/mnt/c/Users/Hamza/AppData/Local/Microsoft/WindowsApps:/mnt/c/Users/Hamza/AppData/Local/Programs/Microsoft VS Code/bin:/mnt/c/Users/Hamza/AppData/Roaming/npm:/mnt/c/Users/Hamza/AppData/Local/Google/Cloud SDK/google-cloud-sdk/bin:/mnt/c/Program Files/heroku/bin:/mnt/c/Program Files/Git/usr/bin/vendor_perl:/mnt/c/Program Files/Git/usr/bin/core_perl
10 verbose lifecycle notes-app@1.0.0~test: CWD: /mnt/c/My work/Node Course/Exploring Node/notes-app
11 silly lifecycle notes-app@1.0.0~test: Args: [ '-c', 'echo "Error: no test specified" && exit 1' ]
12 silly lifecycle notes-app@1.0.0~test: Returned: code: 1  signal: null
13 info lifecycle notes-app@1.0.0~test: Failed to exec test script
14 verbose stack Error: notes-app@1.0.0 test: `echo "Error: no test specified" && exit 1`
14 verbose stack Exit status 1
14 verbose stack     at EventEmitter.<anonymous> (/usr/share/npm/lib/utils/lifecycle.js:232:16)
14 verbose stack     at emitTwo (events.js:126:13)
14 verbose stack     at EventEmitter.emit (events.js:214:7)
14 verbose stack     at ChildProcess.<anonymous> (/usr/share/npm/lib/utils/spawn.js:24:14)
14 verbose stack     at emitTwo (events.js:126:13)
14 verbose stack     at ChildProcess.emit (events.js:214:7)
14 verbose stack     at maybeClose (internal/child_process.js:925:16)
14 verbose stack     at Process.ChildProcess._handle.onexit (internal/child_process.js:209:5)
15 verbose pkgid notes-app@1.0.0
16 verbose cwd /mnt/c/My work/Node Course/Exploring Node/notes-app
17 error Linux 4.4.0-19041-Microsoft
18 error argv "/usr/bin/node" "/usr/bin/npm" "run" "test"
19 error node v8.10.0
20 error npm  v3.5.2
21 error code ELIFECYCLE
22 error notes-app@1.0.0 test: `echo "Error: no test specified" && exit 1`
22 error Exit status 1
23 error Failed at the notes-app@1.0.0 test script 'echo "Error: no test specified" && exit 1'.
23 error Make sure you have the latest version of node.js and npm installed.
23 error If you do, this is most likely a problem with the notes-app package,
23 error not with npm itself.
23 error Tell the author that this fails on your system:
23 error     echo "Error: no test specified" && exit 1
23 error You can get information on how to open an issue for this project with:
23 error     npm bugs notes-app
23 error Or if that isn't available, you can get their info via:
23 error     npm owner ls notes-app
23 error There is likely additional logging output above.
24 verbose exit [ 1, true ]
